This is pdfTeX, Version 3.14159265-2.6-1.40.21 (TeX Live 2020) (preloaded format=pdflatex 2020.9.13)  5 JAN 2021 22:44
entering extended mode
 restricted \write18 enabled.
 file:line:error style messages enabled.
 %&-line parsing enabled.
**"/Users/zebedeemarsh/Documents/Coding/CS Project main/CS-Project/Analysis/writeup/main.tex"
(/Users/zebedeemarsh/Documents/Coding/CS Project main/CS-Project/Analysis/writeup/main.tex
LaTeX2e <2020-02-02> patch level 5
L3 programming layer <2020-03-06> (/usr/local/texlive/2020/texmf-dist/tex/latex/base/article.cls
Document Class: article 2019/12/20 v1.4l Standard LaTeX document class
(/usr/local/texlive/2020/texmf-dist/tex/latex/base/size11.clo
File: size11.clo 2019/12/20 v1.4l Standard LaTeX file (size option)
)
\c@part=\count167
\c@section=\count168
\c@subsection=\count169
\c@subsubsection=\count170
\c@paragraph=\count171
\c@subparagraph=\count172
\c@figure=\count173
\c@table=\count174
\abovecaptionskip=\skip47
\belowcaptionskip=\skip48
\bibindent=\dimen134
) (/usr/local/texlive/2020/texmf-dist/tex/latex/preprint/fullpage.sty
Package: fullpage 1999/02/23 1.1 (PWD)
\FP@margin=\skip49
) (/usr/local/texlive/2020/texmf-dist/tex/latex/pythontex/pythontex.sty
Package: pythontex 2019/09/22 v0.17 execute and typeset Python code and other languages
 (/usr/local/texlive/2020/texmf-dist/tex/latex/fvextra/fvextra.sty
Package: fvextra 2019/02/04 v1.4 fvextra - extensions and patches for fancyvrb
 (/usr/local/texlive/2020/texmf-dist/tex/latex/base/ifthen.sty
Package: ifthen 2014/09/29 v1.1c Standard LaTeX ifthen package (DPC)
) (/usr/local/texlive/2020/texmf-dist/tex/latex/etoolbox/etoolbox.sty
Package: etoolbox 2019/09/21 v2.5h e-TeX tools for LaTeX (JAW)
\etb@tempcnta=\count175
) (/usr/local/texlive/2020/texmf-dist/tex/latex/fancyvrb/fancyvrb.sty
Package: fancyvrb 2020/01/13 v3.5 verbatim text (tvz,hv)
 (/usr/local/texlive/2020/texmf-dist/tex/latex/graphics/keyval.sty
Package: keyval 2014/10/28 v1.15 key=value parser (DPC)
\KV@toks@=\toks15
)
\FV@CodeLineNo=\count176
\FV@InFile=\read2
\FV@TabBox=\box45
\c@FancyVerbLine=\count177
\FV@StepNumber=\count178
\FV@OutFile=\write3
) (/usr/local/texlive/2020/texmf-dist/tex/latex/upquote/upquote.sty
Package: upquote 2012/04/19 v1.3 upright-quote and grave-accent glyphs in verbatim
) (/usr/local/texlive/2020/texmf-dist/tex/latex/lineno/lineno.sty
Package: lineno 2005/11/02 line numbers on paragraphs v4.41
\linenopenalty=\count179
\output=\toks16
\linenoprevgraf=\count180
\linenumbersep=\dimen135
\linenumberwidth=\dimen136
\c@linenumber=\count181
\c@pagewiselinenumber=\count182
\c@LN@truepage=\count183
\c@internallinenumber=\count184
\c@internallinenumbers=\count185
\quotelinenumbersep=\dimen137
\bframerule=\dimen138
\bframesep=\dimen139
\bframebox=\box46
LaTeX Info: Redefining \\ on input line 3056.
)
\c@FV@TrueTabGroupLevel=\count186
\c@FV@TrueTabCounter=\count187
\FV@TabBox@Group=\box47
\FV@TmpLength=\skip50
\c@FV@HighlightLinesStart=\count188
\c@FV@HighlightLinesStop=\count189
\FV@LoopCount=\count190
\FV@NCharsBox=\box48
\FV@BreakIndent=\dimen140
\FV@BreakIndentNChars=\count191
\FV@BreakSymbolSepLeft=\dimen141
\FV@BreakSymbolSepLeftNChars=\count192
\FV@BreakSymbolSepRight=\dimen142
\FV@BreakSymbolSepRightNChars=\count193
\FV@BreakSymbolIndentLeft=\dimen143
\FV@BreakSymbolIndentLeftNChars=\count194
\FV@BreakSymbolIndentRight=\dimen144
\FV@BreakSymbolIndentRightNChars=\count195
\c@FancyVerbLineBreakLast=\count196
\FV@LineBox=\box49
\FV@LineIndentBox=\box50
\FV@LineWidth=\dimen145
) (/usr/local/texlive/2020/texmf-dist/tex/generic/xstring/xstring.sty (/usr/local/texlive/2020/texmf-dist/tex/generic/xstring/xstring.tex
\integerpart=\count197
\decimalpart=\count198
)
Package: xstring 2019/02/06 v1.83 String manipulations (CT)
) (/usr/local/texlive/2020/texmf-dist/tex/latex/pgfopts/pgfopts.sty
Package: pgfopts 2014/07/10 v2.1a LaTeX package options with pgfkeys
 (/usr/local/texlive/2020/texmf-dist/tex/latex/pgf/utilities/pgfkeys.sty (/usr/local/texlive/2020/texmf-dist/tex/generic/pgf/utilities/pgfkeys.code.tex
\pgfkeys@pathtoks=\toks17
\pgfkeys@temptoks=\toks18
 (/usr/local/texlive/2020/texmf-dist/tex/generic/pgf/utilities/pgfkeysfiltered.code.tex
\pgfkeys@tmptoks=\toks19
)))
\pgfopts@list@add@a@toks=\toks20
\pgfopts@list@add@b@toks=\toks21
) (/usr/local/texlive/2020/texmf-dist/tex/latex/newfloat/newfloat.sty
Package: newfloat 2019/09/02 v1.1l Defining new floating environments (AR)
) (/usr/local/texlive/2020/texmf-dist/tex/latex/currfile/currfile.sty
Package: currfile 2015/04/23 v0.7c Provides the file path elements of the current input file
 (/usr/local/texlive/2020/texmf-dist/tex/latex/kvoptions/kvoptions.sty
Package: kvoptions 2019/11/29 v3.13 Key value format for package options (HO)
 (/usr/local/texlive/2020/texmf-dist/tex/generic/ltxcmds/ltxcmds.sty
Package: ltxcmds 2019/12/15 v1.24 LaTeX kernel commands for general use (HO)
) (/usr/local/texlive/2020/texmf-dist/tex/generic/kvsetkeys/kvsetkeys.sty
Package: kvsetkeys 2019/12/15 v1.18 Key value parser (HO)
)) (/usr/local/texlive/2020/texmf-dist/tex/latex/filehook/filehook.sty
Package: filehook 2020/02/03 v0.7 Hooks for input files
)
\c@currfiledepth=\count199
)
\pytx@codefile=\write4
\openout4 = `main.pytxcode'.

\c@pytx@FancyVerbLineTemp=\count266
\c@pytx@py@default@default=\count267
\c@pytx@pycon@default@default=\count268
\c@pytx@sympy@default@default=\count269
\c@pytx@sympycon@default@default=\count270
\c@pytx@pylab@default@default=\count271
\c@pytx@pylabcon@default@default=\count272
) (/usr/local/texlive/2020/texmf-dist/tex/latex/subfiles/subfiles.sty
Package: subfiles 2020/02/14 v1.6 Multi-file projects (package)
 (/usr/local/texlive/2020/texmf-dist/tex/latex/import/import.sty
Package: import 2020/01/22  v 6.0
)) (/usr/local/texlive/2020/texmf-dist/tex/latex/parskip/parskip.sty
Package: parskip 2020-01-22 v2.0d non-zero parskip adjustments
) (/usr/local/texlive/2020/texmf-dist/tex/latex/listings/listings.sty
\lst@mode=\count273
\lst@gtempboxa=\box51
\lst@token=\toks22
\lst@length=\count274
\lst@currlwidth=\dimen146
\lst@column=\count275
\lst@pos=\count276
\lst@lostspace=\dimen147
\lst@width=\dimen148
\lst@newlines=\count277
\lst@lineno=\count278
\lst@maxwidth=\dimen149
 (/usr/local/texlive/2020/texmf-dist/tex/latex/listings/lstmisc.sty
File: lstmisc.sty 2020/03/24 1.8d (Carsten Heinz)
\c@lstnumber=\count279
\lst@skipnumbers=\count280
\lst@framebox=\box52
) (/usr/local/texlive/2020/texmf-dist/tex/latex/listings/listings.cfg
File: listings.cfg 2020/03/24 1.8d listings configuration
))
Package: listings 2020/03/24 1.8d (Carsten Heinz)
 (/usr/local/texlive/2020/texmf-dist/tex/latex/graphics/color.sty
Package: color 2019/11/23 v1.2a Standard LaTeX Color (DPC)
 (/usr/local/texlive/2020/texmf-dist/tex/latex/graphics-cfg/color.cfg
File: color.cfg 2016/01/02 v1.6 sample color configuration
)
Package color Info: Driver file: pdftex.def on input line 147.
 (/usr/local/texlive/2020/texmf-dist/tex/latex/graphics-def/pdftex.def
File: pdftex.def 2018/01/08 v1.0l Graphics/color driver for pdftex
)) (/usr/local/texlive/2020/texmf-dist/tex/latex/graphics/graphicx.sty
Package: graphicx 2019/11/30 v1.2a Enhanced LaTeX Graphics (DPC,SPQR)
 (/usr/local/texlive/2020/texmf-dist/tex/latex/graphics/graphics.sty
Package: graphics 2019/11/30 v1.4a Standard LaTeX Graphics (DPC,SPQR)
 (/usr/local/texlive/2020/texmf-dist/tex/latex/graphics/trig.sty
Package: trig 2016/01/03 v1.10 sin cos tan (DPC)
) (/usr/local/texlive/2020/texmf-dist/tex/latex/graphics-cfg/graphics.cfg
File: graphics.cfg 2016/06/04 v1.11 sample graphics configuration
)
Package graphics Info: Driver file: pdftex.def on input line 105.
)
\Gin@req@height=\dimen150
\Gin@req@width=\dimen151
) (/usr/local/texlive/2020/texmf-dist/tex/latex/caption/subcaption.sty
Package: subcaption 2020/01/22 v1.3d Sub-captions (AR)
 (/usr/local/texlive/2020/texmf-dist/tex/latex/caption/caption.sty
Package: caption 2020/01/03 v3.4h Customizing captions (AR)
 (/usr/local/texlive/2020/texmf-dist/tex/latex/caption/caption3.sty
Package: caption3 2020/01/03 v1.8h caption3 kernel (AR)
Package caption3 Info: TeX engine: e-TeX on input line 61.
\captionmargin=\dimen152
\captionmargin@=\dimen153
\captionwidth=\dimen154
\caption@tempdima=\dimen155
\caption@indent=\dimen156
\caption@parindent=\dimen157
\caption@hangindent=\dimen158
Package caption Info: Standard document class detected.
)
\c@caption@flags=\count281
\c@continuedfloat=\count282
Package caption Info: listings package is loaded.
)
\c@subfigure=\count283
\c@subtable=\count284
) (/usr/local/texlive/2020/texmf-dist/tex/latex/tools/verbatim.sty
Package: verbatim 2019/11/10 v1.5r LaTeX2e package for verbatim enhancements
\every@verbatim=\toks23
\verbatim@line=\toks24
\verbatim@in@stream=\read3
) (/usr/local/texlive/2020/texmf-dist/tex/latex/cite/cite.sty
LaTeX Info: Redefining \cite on input line 302.
LaTeX Info: Redefining \nocite on input line 332.
Package: cite 2015/02/27  v 5.5
) (/usr/local/texlive/2020/texmf-dist/tex/latex/hyperref/hyperref.sty
Package: hyperref 2020/01/14 v7.00d Hypertext links for LaTeX
 (/usr/local/texlive/2020/texmf-dist/tex/generic/iftex/iftex.sty
Package: iftex 2020/03/06 v1.0d TeX engine tests
) (/usr/local/texlive/2020/texmf-dist/tex/latex/pdftexcmds/pdftexcmds.sty
Package: pdftexcmds 2019/11/24 v0.31 Utility functions of pdfTeX for LuaTeX (HO)
 (/usr/local/texlive/2020/texmf-dist/tex/generic/infwarerr/infwarerr.sty
Package: infwarerr 2019/12/03 v1.5 Providing info/warning/error messages (HO)
)
Package pdftexcmds Info: \pdf@primitive is available.
Package pdftexcmds Info: \pdf@ifprimitive is available.
Package pdftexcmds Info: \pdfdraftmode found.
) (/usr/local/texlive/2020/texmf-dist/tex/generic/kvdefinekeys/kvdefinekeys.sty
Package: kvdefinekeys 2019-12-19 v1.6 Define keys (HO)
) (/usr/local/texlive/2020/texmf-dist/tex/generic/pdfescape/pdfescape.sty
Package: pdfescape 2019/12/09 v1.15 Implements pdfTeX's escape features (HO)
) (/usr/local/texlive/2020/texmf-dist/tex/latex/hycolor/hycolor.sty
Package: hycolor 2020-01-27 v1.10 Color options for hyperref/bookmark (HO)
) (/usr/local/texlive/2020/texmf-dist/tex/latex/letltxmacro/letltxmacro.sty
Package: letltxmacro 2019/12/03 v1.6 Let assignment for LaTeX macros (HO)
) (/usr/local/texlive/2020/texmf-dist/tex/latex/auxhook/auxhook.sty
Package: auxhook 2019-12-17 v1.6 Hooks for auxiliary files (HO)
)
\@linkdim=\dimen159
\Hy@linkcounter=\count285
\Hy@pagecounter=\count286
 (/usr/local/texlive/2020/texmf-dist/tex/latex/hyperref/pd1enc.def
File: pd1enc.def 2020/01/14 v7.00d Hyperref: PDFDocEncoding definition (HO)
Now handling font encoding PD1 ...
... no UTF-8 mapping file for font encoding PD1
) (/usr/local/texlive/2020/texmf-dist/tex/generic/intcalc/intcalc.sty
Package: intcalc 2019/12/15 v1.3 Expandable calculations with integers (HO)
) (/usr/local/texlive/2020/texmf-dist/tex/generic/etexcmds/etexcmds.sty
Package: etexcmds 2019/12/15 v1.7 Avoid name clashes with e-TeX commands (HO)
)
\Hy@SavedSpaceFactor=\count287
Package hyperref Info: Hyper figures OFF on input line 4547.
Package hyperref Info: Link nesting OFF on input line 4552.
Package hyperref Info: Hyper index ON on input line 4555.
Package hyperref Info: Plain pages OFF on input line 4562.
Package hyperref Info: Backreferencing OFF on input line 4567.
Package hyperref Info: Implicit mode ON; LaTeX internals redefined.
Package hyperref Info: Bookmarks ON on input line 4800.
\c@Hy@tempcnt=\count288
 (/usr/local/texlive/2020/texmf-dist/tex/latex/url/url.sty
\Urlmuskip=\muskip16
Package: url 2013/09/16  ver 3.4  Verb mode for urls, etc.
)
LaTeX Info: Redefining \url on input line 5159.
\XeTeXLinkMargin=\dimen160
 (/usr/local/texlive/2020/texmf-dist/tex/generic/bitset/bitset.sty
Package: bitset 2019/12/09 v1.3 Handle bit-vector datatype (HO)
 (/usr/local/texlive/2020/texmf-dist/tex/generic/bigintcalc/bigintcalc.sty
Package: bigintcalc 2019/12/15 v1.5 Expandable calculations on big integers (HO)
))
\Fld@menulength=\count289
\Field@Width=\dimen161
\Fld@charsize=\dimen162
Package hyperref Info: Hyper figures OFF on input line 6430.
Package hyperref Info: Link nesting OFF on input line 6435.
Package hyperref Info: Hyper index ON on input line 6438.
Package hyperref Info: backreferencing OFF on input line 6445.
Package hyperref Info: Link coloring OFF on input line 6450.
Package hyperref Info: Link coloring with OCG OFF on input line 6455.
Package hyperref Info: PDF/A mode OFF on input line 6460.
LaTeX Info: Redefining \ref on input line 6500.
LaTeX Info: Redefining \pageref on input line 6504.
 (/usr/local/texlive/2020/texmf-dist/tex/generic/atbegshi/atbegshi.sty
Package: atbegshi 2019/12/05 v1.19 At begin shipout hook (HO)
)
\Hy@abspage=\count290
\c@Item=\count291
\c@Hfootnote=\count292
)
Package hyperref Info: Driver (autodetected): hpdftex.
 (/usr/local/texlive/2020/texmf-dist/tex/latex/hyperref/hpdftex.def
File: hpdftex.def 2020/01/14 v7.00d Hyperref driver for pdfTeX
 (/usr/local/texlive/2020/texmf-dist/tex/latex/atveryend/atveryend.sty
Package: atveryend 2019-12-11 v1.11 Hooks at the very end of document (HO)
)
\Fld@listcount=\count293
\c@bookmark@seq@number=\count294
 (/usr/local/texlive/2020/texmf-dist/tex/latex/rerunfilecheck/rerunfilecheck.sty
Package: rerunfilecheck 2019/12/05 v1.9 Rerun checks for auxiliary files (HO)
 (/usr/local/texlive/2020/texmf-dist/tex/generic/uniquecounter/uniquecounter.sty
Package: uniquecounter 2019/12/15 v1.4 Provide unlimited unique counter (HO)
)
Package uniquecounter Info: New unique counter `rerunfilecheck' on input line 286.
)
\Hy@SectionHShift=\skip51
)
Package hyperref Info: Option `bookmarksnumbered' set `true' on input line 24.
Package hyperref Info: Option `bookmarksopen' set `true' on input line 24.


Package hyperref Warning: Option `pdftex' has already been used,
(hyperref)                setting the option has no effect on input line 24.

(/usr/local/texlive/2020/texmf-dist/tex/latex/listings/lstlang1.sty
File: lstlang1.sty 2020/03/24 1.8d listings language file
) (/usr/local/texlive/2020/texmf-dist/tex/latex/l3backend/l3backend-pdfmode.def
File: l3backend-pdfmode.def 2020-03-12 L3 backend support: PDF mode
\l__kernel_color_stack_int=\count295
\l__pdf_internal_box=\box53
) (/Users/zebedeemarsh/Documents/Coding/CS Project main/CS-Project/Analysis/writeup/main.aux

LaTeX Warning: Label `fig:test1' multiply defined.


LaTeX Warning: Label `fig:test2' multiply defined.


LaTeX Warning: Label `fig:test1' multiply defined.


LaTeX Warning: Label `fig:test2' multiply defined.

)
\openout1 = `main.aux'.

LaTeX Font Info:    Checking defaults for OML/cmm/m/it on input line 53.
LaTeX Font Info:    ... okay on input line 53.
LaTeX Font Info:    Checking defaults for OMS/cmsy/m/n on input line 53.
LaTeX Font Info:    ... okay on input line 53.
LaTeX Font Info:    Checking defaults for OT1/cmr/m/n on input line 53.
LaTeX Font Info:    ... okay on input line 53.
LaTeX Font Info:    Checking defaults for T1/cmr/m/n on input line 53.
LaTeX Font Info:    ... okay on input line 53.
LaTeX Font Info:    Checking defaults for TS1/cmr/m/n on input line 53.
LaTeX Font Info:    ... okay on input line 53.
LaTeX Font Info:    Checking defaults for OMX/cmex/m/n on input line 53.
LaTeX Font Info:    ... okay on input line 53.
LaTeX Font Info:    Checking defaults for U/cmr/m/n on input line 53.
LaTeX Font Info:    ... okay on input line 53.
LaTeX Font Info:    Checking defaults for PD1/pdf/m/n on input line 53.
LaTeX Font Info:    ... okay on input line 53.

No file pythontex-files-main/main.pytxmcr.
Run PythonTeX to create it.
Package newfloat Info: New float `listing' with options `fileext=lopytx' on input line 53.
\c@listing=\count296
\newfloat@ftype=\count297
Package newfloat Info: float type `listing'=8 on input line 53.
\c@sublisting=\count298
(/usr/local/texlive/2020/texmf-dist/tex/latex/base/textcomp.sty
Package: textcomp 2020/02/02 v2.0n Standard LaTeX package
)
\c@lstlisting=\count299
 (/usr/local/texlive/2020/texmf-dist/tex/context/base/mkii/supp-pdf.mkii
[Loading MPS to PDF converter (version 2006.09.02).]
\scratchcounter=\count300
\scratchdimen=\dimen163
\scratchbox=\box54
\nofMPsegments=\count301
\nofMParguments=\count302
\everyMPshowfont=\toks25
\MPscratchCnt=\count303
\MPscratchDim=\dimen164
\MPnumerator=\count304
\makeMPintoPDFobject=\count305
\everyMPtoPDFconversion=\toks26
) (/usr/local/texlive/2020/texmf-dist/tex/latex/epstopdf-pkg/epstopdf-base.sty
Package: epstopdf-base 2020-01-24 v2.11 Base part for package epstopdf
Package epstopdf-base Info: Redefining graphics rule for `.eps' on input line 485.
 (/usr/local/texlive/2020/texmf-dist/tex/latex/latexconfig/epstopdf-sys.cfg
File: epstopdf-sys.cfg 2010/07/13 v1.3 Configuration of (r)epstopdf for TeX Live
))
Package caption Info: Begin \AtBeginDocument code.
Package caption Info: hyperref package is loaded.
Package caption Info: End \AtBeginDocument code.
\AtBeginShipoutBox=\box55
Package hyperref Info: Link coloring OFF on input line 53.
 (/usr/local/texlive/2020/texmf-dist/tex/latex/hyperref/nameref.sty
Package: nameref 2019/09/16 v2.46 Cross-referencing by name of section
 (/usr/local/texlive/2020/texmf-dist/tex/latex/refcount/refcount.sty
Package: refcount 2019/12/15 v3.6 Data extraction from label references (HO)
) (/usr/local/texlive/2020/texmf-dist/tex/generic/gettitlestring/gettitlestring.sty
Package: gettitlestring 2019/12/15 v1.6 Cleanup title references (HO)
)
\c@section@level=\count306
)
LaTeX Info: Redefining \ref on input line 53.
LaTeX Info: Redefining \pageref on input line 53.
LaTeX Info: Redefining \nameref on input line 53.
 (/Users/zebedeemarsh/Documents/Coding/CS Project main/CS-Project/Analysis/writeup/main.out) (/Users/zebedeemarsh/Documents/Coding/CS Project main/CS-Project/Analysis/writeup/main.out)
\@outlinefile=\write5
\openout5 = `main.out'.

LaTeX Font Info:    External font `cmex10' loaded for size
(Font)              <12> on input line 56.
LaTeX Font Info:    External font `cmex10' loaded for size
(Font)              <8> on input line 56.
LaTeX Font Info:    External font `cmex10' loaded for size
(Font)              <6> on input line 56.
 (/Users/zebedeemarsh/Documents/Coding/CS Project main/CS-Project/Analysis/writeup/main.toc
LaTeX Font Info:    External font `cmex10' loaded for size
(Font)              <10.95> on input line 5.
 [1

{/usr/local/texlive/2020/texmf-var/fonts/map/pdftex/updmap/pdftex.map}])
\tf@toc=\write6
\openout6 = `main.toc'.

 [2]
Overfull \hbox (24.3401pt too wide) in paragraph at lines 66--67
[]\OT1/cmr/m/n/10.95 Source: https://sundial.csun.edu/156361/news/a-timeline-of-outbreaks-from-2000-to-present/ 
 []

[3] [4] [5]
<images/eca.png, id=210, 918.43124pt x 567.11874pt>
File: images/eca.png Graphic file (type png)
<use images/eca.png>
Package pdftex.def Info: images/eca.png  used on input line 192.
(pdftex.def)             Requested size: 452.9679pt x 279.70786pt.

Overfull \hbox (30.0pt too wide) in paragraph at lines 192--193
[][] 
 []

[6] [7 </Users/zebedeemarsh/Documents/Coding/CS Project main/CS-Project/Analysis/writeup/images/eca.png>]
<images/p_tk_start.png, id=279, 391.4625pt x 301.125pt>
File: images/p_tk_start.png Graphic file (type png)
<use images/p_tk_start.png>
Package pdftex.def Info: images/p_tk_start.png  used on input line 271.
(pdftex.def)             Requested size: 226.48395pt x 174.2207pt.
<images/p_tk_p1.png, id=280, 391.4625pt x 301.125pt>
File: images/p_tk_p1.png Graphic file (type png)
<use images/p_tk_p1.png>
Package pdftex.def Info: images/p_tk_p1.png  used on input line 277.
(pdftex.def)             Requested size: 226.48395pt x 174.2207pt.
 [8] [9 </Users/zebedeemarsh/Documents/Coding/CS Project main/CS-Project/Analysis/writeup/images/p_tk_start.png> </Users/zebedeemarsh/Documents/Coding/CS Project main/CS-Project/Analysis/writeup/images/p_tk_p1.png>]
<images/p_fa_1.png, id=357, 754.82pt x 658.46pt>
File: images/p_fa_1.png Graphic file (type png)
<use images/p_fa_1.png>
Package pdftex.def Info: images/p_fa_1.png  used on input line 317.
(pdftex.def)             Requested size: 226.48395pt x 197.56967pt.
<images/p_fa_2.png, id=358, 754.82pt x 658.46pt>
File: images/p_fa_2.png Graphic file (type png)
<use images/p_fa_2.png>
Package pdftex.def Info: images/p_fa_2.png  used on input line 323.
(pdftex.def)             Requested size: 226.48395pt x 197.56967pt.
<images/p_fa_3.png, id=359, 754.82pt x 658.46pt>
File: images/p_fa_3.png Graphic file (type png)
<use images/p_fa_3.png>
Package pdftex.def Info: images/p_fa_3.png  used on input line 333.
(pdftex.def)             Requested size: 226.48395pt x 197.56967pt.
<images/p_fa_4.png, id=360, 754.82pt x 658.46pt>
File: images/p_fa_4.png Graphic file (type png)
<use images/p_fa_4.png>
Package pdftex.def Info: images/p_fa_4.png  used on input line 339.
(pdftex.def)             Requested size: 226.48395pt x 197.56967pt.
LaTeX Font Info:    Trying to load font information for TS1+cmtt on input line 349.
 (/usr/local/texlive/2020/texmf-dist/tex/latex/base/ts1cmtt.fd
File: ts1cmtt.fd 2019/12/16 v2.5j Standard LaTeX font definitions
) [10 </Users/zebedeemarsh/Documents/Coding/CS Project main/CS-Project/Analysis/writeup/images/p_fa_1.png> </Users/zebedeemarsh/Documents/Coding/CS Project main/CS-Project/Analysis/writeup/images/p_fa_2.png> </Users/zebedeemarsh/Documents/Coding/CS Project main/CS-Project/Analysis/writeup/images/p_fa_3.png> </Users/zebedeemarsh/Documents/Coding/CS Project main/CS-Project/Analysis/writeup/images/p_fa_4.png>]
<images/p_pan.png, id=378, 669.50125pt x 854.19125pt>
File: images/p_pan.png Graphic file (type png)
<use images/p_pan.png>
Package pdftex.def Info: images/p_pan.png  used on input line 359.
(pdftex.def)             Requested size: 222.99968pt x 284.51683pt.
 [11 </Users/zebedeemarsh/Documents/Coding/CS Project main/CS-Project/Analysis/writeup/images/p_pan.png>] [12] [13]
Underfull \hbox (badness 10000) in paragraph at lines 452--454

 []

[14]
<images/s_main_function.png, id=479, 4495.79625pt x 1533.73pt>
File: images/s_main_function.png Graphic file (type png)
<use images/s_main_function.png>
Package pdftex.def Info: images/s_main_function.png  used on input line 472.
(pdftex.def)             Requested size: 452.96738pt x 154.48192pt.

Overfull \hbox (29.99948pt too wide) in paragraph at lines 472--473
[] 
 []

<images/f_main.png, id=480, 317.0244pt x 652.5981pt>
File: images/f_main.png Graphic file (type png)
<use images/f_main.png>
Package pdftex.def Info: images/f_main.png  used on input line 474.
(pdftex.def)             Requested size: 207.33081pt x 426.79134pt.
[15 </Users/zebedeemarsh/Documents/Coding/CS Project main/CS-Project/Analysis/writeup/images/s_main_function.png> </Users/zebedeemarsh/Documents/Coding/CS Project main/CS-Project/Analysis/writeup/images/f_main.png>]
<images/s_CA.png, id=486, 3226.0525pt x 1228.59pt>
File: images/s_CA.png Graphic file (type png)
<use images/s_CA.png>
Package pdftex.def Info: images/s_CA.png  used on input line 477.
(pdftex.def)             Requested size: 373.52336pt x 142.26378pt.
<images/f_CA.png, id=487, 415.0707pt x 613.8132pt>
File: images/f_CA.png Graphic file (type png)
<use images/f_CA.png>
Package pdftex.def Info: images/f_CA.png  used on input line 479.
(pdftex.def)             Requested size: 288.61578pt x 426.79134pt.
 [16 </Users/zebedeemarsh/Documents/Coding/CS Project main/CS-Project/Analysis/writeup/images/s_CA.png> </Users/zebedeemarsh/Documents/Coding/CS Project main/CS-Project/Analysis/writeup/images/f_CA.png>]
<images/s_SIR.png, id=493, 453.3738pt x 113.223pt>
File: images/s_SIR.png Graphic file (type png)
<use images/s_SIR.png>
Package pdftex.def Info: images/s_SIR.png  used on input line 482.
(pdftex.def)             Requested size: 410.17027pt x 102.43008pt.
<images/f_SIR.png, id=494, 272.4579pt x 715.9548pt>
File: images/f_SIR.png Graphic file (type png)
<use images/f_SIR.png>
Package pdftex.def Info: images/f_SIR.png  used on input line 484.
(pdftex.def)             Requested size: 187.32265pt x 492.23276pt.
 [17 </Users/zebedeemarsh/Documents/Coding/CS Project main/CS-Project/Analysis/writeup/images/s_SIR.png> </Users/zebedeemarsh/Documents/Coding/CS Project main/CS-Project/Analysis/writeup/images/f_SIR.png>]
<images/uml_ca_sir.png, id=500, 673.51625pt x 750.805pt>
File: images/uml_ca_sir.png Graphic file (type png)
<use images/uml_ca_sir.png>
Package pdftex.def Info: images/uml_ca_sir.png  used on input line 487.
(pdftex.def)             Requested size: 452.9679pt x 504.94995pt.

Overfull \hbox (30.0pt too wide) in paragraph at lines 487--488
[] 
 []

<images/re_sql.png, id=501, 675.52374pt x 135.50626pt>
File: images/re_sql.png Graphic file (type png)
<use images/re_sql.png>
Package pdftex.def Info: images/re_sql.png  used on input line 489.
(pdftex.def)             Requested size: 452.9679pt x 90.8652pt.

Overfull \hbox (30.0pt too wide) in paragraph at lines 489--490
[] 
 []

[18 </Users/zebedeemarsh/Documents/Coding/CS Project main/CS-Project/Analysis/writeup/images/uml_ca_sir.png> </Users/zebedeemarsh/Documents/Coding/CS Project main/CS-Project/Analysis/writeup/images/re_sql.png>] [19]
<images/a_main_window.png, id=552, 557.08125pt x 475.7775pt>
File: images/a_main_window.png Graphic file (type png)
<use images/a_main_window.png>
Package pdftex.def Info: images/a_main_window.png  used on input line 560.
(pdftex.def)             Requested size: 452.9679pt x 386.8659pt.
<images/a_sir_main.png, id=553, 563.10374pt x 550.055pt>
File: images/a_sir_main.png Graphic file (type png)
<use images/a_sir_main.png>
Package pdftex.def Info: images/a_sir_main.png  used on input line 561.
(pdftex.def)             Requested size: 452.9679pt x 442.47021pt.
<images/a_sir_input.png, id=554, 452.69125pt x 427.5975pt>
File: images/a_sir_input.png Graphic file (type png)
<use images/a_sir_input.png>
Package pdftex.def Info: images/a_sir_input.png  used on input line 562.
(pdftex.def)             Requested size: 452.9679pt x 427.85742pt.
<images/a_sir_history.png, id=555, 809.0225pt x 426.59375pt>
File: images/a_sir_history.png Graphic file (type png)
<use images/a_sir_history.png>
Package pdftex.def Info: images/a_sir_history.png  used on input line 563.
(pdftex.def)             Requested size: 452.9679pt x 238.8518pt.
<images/a_sir_output.png, id=556, 593.21625pt x 543.02875pt>
File: images/a_sir_output.png Graphic file (type png)
<use images/a_sir_output.png>
Package pdftex.def Info: images/a_sir_output.png  used on input line 564.
(pdftex.def)             Requested size: 452.9679pt x 414.6616pt.
File: images/a_main_window.png Graphic file (type png)
<use images/a_main_window.png>
Package pdftex.def Info: images/a_main_window.png  used on input line 565.
(pdftex.def)             Requested size: 452.9679pt x 386.8659pt.
<images/a_ca_main.png, id=557, 383.4325pt x 277.035pt>
File: images/a_ca_main.png Graphic file (type png)
<use images/a_ca_main.png>
Package pdftex.def Info: images/a_ca_main.png  used on input line 566.
(pdftex.def)             Requested size: 452.9679pt x 327.29582pt.
<images/a_ca_input.png, id=558, 555.07375pt x 361.35pt>
File: images/a_ca_input.png Graphic file (type png)
<use images/a_ca_input.png>
Package pdftex.def Info: images/a_ca_input.png  used on input line 567.
(pdftex.def)             Requested size: 452.9679pt x 294.88086pt.
<images/a_ca_history.png, id=559, 539.01375pt x 318.18875pt>
File: images/a_ca_history.png Graphic file (type png)
<use images/a_ca_history.png>
Package pdftex.def Info: images/a_ca_history.png  used on input line 568.
(pdftex.def)             Requested size: 452.9679pt x 267.39809pt.
<images/a_ca_output.png, id=560, 513.92pt x 483.8075pt>
File: images/a_ca_output.png Graphic file (type png)
<use images/a_ca_output.png>
Package pdftex.def Info: images/a_ca_output.png  used on input line 569.
(pdftex.def)             Requested size: 452.9679pt x 426.43109pt.
<images/a_open_file.png, id=561, 662.475pt x 378.41376pt>
File: images/a_open_file.png Graphic file (type png)
<use images/a_open_file.png>
Package pdftex.def Info: images/a_open_file.png  used on input line 570.
(pdftex.def)             Requested size: 452.9679pt x 258.73837pt.

Overfull \hbox (30.0pt too wide) in paragraph at lines 560--571
[] 
 []

[20] [21]
Overfull \vbox (181.23442pt too high) has occurred while \output is active []

 [22 </Users/zebedeemarsh/Documents/Coding/CS Project main/CS-Project/Analysis/writeup/images/a_main_window.png> </Users/zebedeemarsh/Documents/Coding/CS Project main/CS-Project/Analysis/writeup/images/a_sir_main.png>] [23 </Users/zebedeemarsh/Documents/Coding/CS Project main/CS-Project/Analysis/writeup/images/a_sir_input.png> </Users/zebedeemarsh/Documents/Coding/CS Project main/CS-Project/Analysis/writeup/images/a_sir_history.png>] [24 </Users/zebedeemarsh/Documents/Coding/CS Project main/CS-Project/Analysis/writeup/images/a_sir_output.png>] [25] [26 </Users/zebedeemarsh/Documents/Coding/CS Project main/CS-Project/Analysis/writeup/images/a_ca_main.png> </Users/zebedeemarsh/Documents/Coding/CS Project main/CS-Project/Analysis/writeup/images/a_ca_input.png>] [27 </Users/zebedeemarsh/Documents/Coding/CS Project main/CS-Project/Analysis/writeup/images/a_ca_history.png>] [28 </Users/zebedeemarsh/Documents/Coding/CS Project main/CS-Project/Analysis/writeup/images/a_ca_output.png>] [29 </Users/zebedeemarsh/Documents/Coding/CS Project main/CS-Project/Analysis/writeup/images/a_open_file.png>] [30] [31] [32] [33] [34] [35] [36] [37] [38] [39] [40] [41] [42] [43] [44] [45] [46]
Overfull \hbox (9.02719pt too wide) in paragraph at lines 1503--1504
[][][][][][][][][][][][][][][][][]  
 []

[47] [48] [49]
Overfull \hbox (293.62506pt too wide) in paragraph at lines 1643--1645
[][][][][][][][][][][][][][][][][][][][][][][][][][][][][][][][][][][][][][][][][][][][][][][][][][][][][][][][][][][][][][][][][][][][][][][][][][][][][][][][][][][][][][][][][][][][][][][]  
 []

[50] [51] [52] [53]

Package caption Warning: Unused \captionsetup[sub] on input line 14.
See the caption package documentation for explanation.

Package atveryend Info: Empty hook `BeforeClearDocument' on input line 1797.
Package atveryend Info: Empty hook `AfterLastShipout' on input line 1797.
(/Users/zebedeemarsh/Documents/Coding/CS Project main/CS-Project/Analysis/writeup/main.aux)
Package atveryend Info: Executing hook `AtVeryEndDocument' on input line 1797.
Package atveryend Info: Executing hook `AtEndAfterFileList' on input line 1797.
Package rerunfilecheck Info: File `main.out' has not changed.
(rerunfilecheck)             Checksum: 44D1E32D119B17EDA12EB0A7B9F8FE09;2576.


LaTeX Warning: There were multiply-defined labels.

 ) 
Here is how much of TeX's memory you used:
 13752 strings out of 480608
 229170 string characters out of 5903630
 719166 words of memory out of 5000000
 27886 multiletter control sequences out of 15000+600000
 538315 words of font info for 44 fonts, out of 8000000 for 9000
 1141 hyphenation exceptions out of 8191
 51i,8n,50p,925b,1886s stack positions out of 5000i,500n,10000p,200000b,80000s
{/usr/local/texlive/2020/texmf-dist/fonts/enc/dvips/cm-super/cm-super-ts1.enc}</usr/local/texlive/2020/texmf-dist/fonts/type1/public/amsfonts/cm/cmbx10.pfb></usr/local/texlive/2020/texmf-dist/fonts/type1/public/amsfonts/cm/cmbx12.pfb></usr/local/texlive/2020/texmf-dist/fonts/type1/public/amsfonts/cm/cmmi10.pfb></usr/local/texlive/2020/texmf-dist/fonts/type1/public/amsfonts/cm/cmr10.pfb></usr/local/texlive/2020/texmf-dist/fonts/type1/public/amsfonts/cm/cmr12.pfb></usr/local/texlive/2020/texmf-dist/fonts/type1/public/amsfonts/cm/cmr17.pfb></usr/local/texlive/2020/texmf-dist/fonts/type1/public/amsfonts/cm/cmsy10.pfb></usr/local/texlive/2020/texmf-dist/fonts/type1/public/amsfonts/cm/cmtt10.pfb></usr/local/texlive/2020/texmf-dist/fonts/type1/public/cm-super/sfrm1095.pfb></usr/local/texlive/2020/texmf-dist/fonts/type1/public/cm-super/sftt1000.pfb>
Output written on "/Users/zebedeemarsh/Documents/Coding/CS Project main/CS-Project/Analysis/writeup/main.pdf" (53 pages, 3067704 bytes).
PDF statistics:
 2279 PDF objects out of 2487 (max. 8388607)
 2143 compressed objects within 22 object streams
 1538 named destinations out of 1728 (max. 500000)
 411 words of extra memory for PDF output out of 10000 (max. 10000000)

